<?xml version="1.0" encoding="UTF-8"?>
<testsuite name="Steps.CucumberIntegrationTest" time="2.803" tests="132" errors="0" skipped="0" failures="4">
  <properties>
    <property name="idea.version" value="2017.2.5"/>
    <property name="java.runtime.name" value="Java(TM) SE Runtime Environment"/>
    <property name="sun.boot.library.path" value="C:\Program Files\Java\jdk1.8.0_144\jre\bin"/>
    <property name="java.vm.version" value="25.144-b01"/>
    <property name="java.vm.vendor" value="Oracle Corporation"/>
    <property name="maven.multiModuleProjectDirectory" value="D:\Data\VWissink\Documents\Framework Tries\BaselineProjectCucumber\BaselineProject"/>
    <property name="java.vendor.url" value="http://java.oracle.com/"/>
    <property name="path.separator" value=";"/>
    <property name="guice.disable.misplaced.annotation.check" value="true"/>
    <property name="java.vm.name" value="Java HotSpot(TM) 64-Bit Server VM"/>
    <property name="file.encoding.pkg" value="sun.io"/>
    <property name="user.script" value=""/>
    <property name="user.country" value="US"/>
    <property name="sun.java.launcher" value="SUN_STANDARD"/>
    <property name="sun.os.patch.level" value=""/>
    <property name="java.vm.specification.name" value="Java Virtual Machine Specification"/>
    <property name="user.dir" value="D:\Data\VWissink\Documents\Framework Tries\BaselineProjectCucumber\BaselineProject"/>
    <property name="java.runtime.version" value="1.8.0_144-b01"/>
    <property name="java.awt.graphicsenv" value="sun.awt.Win32GraphicsEnvironment"/>
    <property name="java.endorsed.dirs" value="C:\Program Files\Java\jdk1.8.0_144\jre\lib\endorsed"/>
    <property name="os.arch" value="amd64"/>
    <property name="java.io.tmpdir" value="C:\Users\VWissink\AppData\Local\Temp\"/>
    <property name="line.separator" value="&#10;"/>
    <property name="java.vm.specification.vendor" value="Oracle Corporation"/>
    <property name="user.variant" value=""/>
    <property name="os.name" value="Windows 10"/>
    <property name="classworlds.conf" value="C:\Program Files\JetBrains\IntelliJ IDEA 2017.2.5\plugins\maven\lib\maven3\bin\m2.conf"/>
    <property name="sun.jnu.encoding" value="Cp1252"/>
    <property name="java.library.path" value="C:\Program Files\Java\jdk1.8.0_144\bin;C:\WINDOWS\Sun\Java\bin;C:\WINDOWS\system32;C:\WINDOWS;C:\ProgramData\Oracle\Java\javapath;C:\WINDOWS\system32;C:\WINDOWS;C:\WINDOWS\System32\Wbem;C:\WINDOWS\System32\WindowsPowerShell\v1.0\;C:\Program Files\nodejs\;C:\Program Files (x86)\Brackets\command;C:\PROGRA~2\Groovy\GROOVY~1.0\bin;C:\Program Files\MySQL\MySQL Utilities 1.6\;C:\Users\VWissink\AppData\Local\Programs\Python\Python36-32\Scripts\;C:\Users\VWissink\AppData\Local\Programs\Python\Python36-32\;C:\Users\VWissink\AppData\Local\Microsoft\WindowsApps;C:\Users\VWissink\AppData\Local\Programs\Git\cmd;C:\Users\VWissink\AppData\Roaming\npm;C:\Program Files\Java\jdk1.8.0_144\bin;D:\Data\VWissink\Documents\apache-maven-3.5.2\bin;;."/>
    <property name="java.specification.name" value="Java Platform API Specification"/>
    <property name="java.class.version" value="52.0"/>
    <property name="sun.management.compiler" value="HotSpot 64-Bit Tiered Compilers"/>
    <property name="os.version" value="10.0"/>
    <property name="user.home" value="C:\Users\VWissink"/>
    <property name="user.timezone" value="Europe/Berlin"/>
    <property name="java.awt.printerjob" value="sun.awt.windows.WPrinterJob"/>
    <property name="java.specification.version" value="1.8"/>
    <property name="file.encoding" value="UTF-8"/>
    <property name="user.name" value="VWissink"/>
    <property name="java.class.path" value="C:\Program Files\JetBrains\IntelliJ IDEA 2017.2.5\plugins\maven\lib\maven3\boot\plexus-classworlds-2.5.2.jar"/>
    <property name="java.vm.specification.version" value="1.8"/>
    <property name="sun.arch.data.model" value="64"/>
    <property name="java.home" value="C:\Program Files\Java\jdk1.8.0_144\jre"/>
    <property name="sun.java.command" value="org.codehaus.classworlds.Launcher -Didea.version=2017.2.5 test"/>
    <property name="java.specification.vendor" value="Oracle Corporation"/>
    <property name="user.language" value="en"/>
    <property name="awt.toolkit" value="sun.awt.windows.WToolkit"/>
    <property name="java.vm.info" value="mixed mode"/>
    <property name="java.version" value="1.8.0_144"/>
    <property name="java.ext.dirs" value="C:\Program Files\Java\jdk1.8.0_144\jre\lib\ext;C:\WINDOWS\Sun\Java\lib\ext"/>
    <property name="sun.boot.class.path" value="C:\Program Files\Java\jdk1.8.0_144\jre\lib\resources.jar;C:\Program Files\Java\jdk1.8.0_144\jre\lib\rt.jar;C:\Program Files\Java\jdk1.8.0_144\jre\lib\sunrsasign.jar;C:\Program Files\Java\jdk1.8.0_144\jre\lib\jsse.jar;C:\Program Files\Java\jdk1.8.0_144\jre\lib\jce.jar;C:\Program Files\Java\jdk1.8.0_144\jre\lib\charsets.jar;C:\Program Files\Java\jdk1.8.0_144\jre\lib\jfr.jar;C:\Program Files\Java\jdk1.8.0_144\jre\classes"/>
    <property name="java.vendor" value="Oracle Corporation"/>
    <property name="maven.home" value="C:\Program Files\JetBrains\IntelliJ IDEA 2017.2.5\plugins\maven\lib\maven3"/>
    <property name="file.separator" value="\"/>
    <property name="java.vendor.url.bug" value="http://bugreport.sun.com/bugreport/"/>
    <property name="sun.cpu.endian" value="little"/>
    <property name="sun.io.unicode.encoding" value="UnicodeLittle"/>
    <property name="sun.desktop" value="windows"/>
    <property name="sun.cpu.isalist" value="amd64"/>
  </properties>
  <testcase name="When I am on the CRUDExample page" classname="Scenario: Finding some cheese" time="0.002"/>
  <testcase name="Then the page title should start with &quot;crud example&quot;" classname="Scenario: Finding some cheese" time="0"/>
  <testcase name="Scenario: Finding some cheese" classname="Scenario: Finding some cheese" time="0.053"/>
  <testcase name="Given there are no users stored" classname="| Thomas | 32 | 23000 |" time="0"/>
  <testcase name="Given there are no users stored" classname="| Thomas | 32 | 23000 |" time="0"/>
  <testcase name="Given there are no users stored" classname="| Thomas | 32 | 23000 |" time="0"/>
  <testcase name="Given there are no users stored" classname="| Thomas | 32 | 23000 |" time="0"/>
  <testcase name="Given there are no users stored" classname="| Thomas | 32 | 23000 |" time="0"/>
  <testcase name="And I am on the CRUDExample page" classname="| Thomas | 32 | 23000 |" time="0"/>
  <testcase name="And I am on the CRUDExample page" classname="| Thomas | 32 | 23000 |" time="0"/>
  <testcase name="And I am on the CRUDExample page" classname="| Thomas | 32 | 23000 |" time="0"/>
  <testcase name="And I am on the CRUDExample page" classname="| Thomas | 32 | 23000 |" time="0"/>
  <testcase name="And I am on the CRUDExample page" classname="| Thomas | 32 | 23000 |" time="0.001"/>
  <testcase name="When I add User &quot;Thomas&quot; &quot;32&quot; &quot;23000&quot;" classname="| Thomas | 32 | 23000 |" time="0"/>
  <testcase name="When I add User &quot;Thomas&quot; &quot;32&quot; &quot;23000&quot;" classname="| Thomas | 32 | 23000 |" time="0.001"/>
  <testcase name="When I add User &quot;Thomas&quot; &quot;32&quot; &quot;23000&quot;" classname="| Thomas | 32 | 23000 |" time="0"/>
  <testcase name="When I add User &quot;Thomas&quot; &quot;32&quot; &quot;23000&quot;" classname="| Thomas | 32 | 23000 |" time="0"/>
  <testcase name="When I add User &quot;Thomas&quot; &quot;32&quot; &quot;23000&quot;" classname="| Thomas | 32 | 23000 |" time="0"/>
  <testcase name="Then the page should display div with id &quot;alert-success&quot;" classname="| Thomas | 32 | 23000 |" time="0"/>
  <testcase name="And the user should be displayed" classname="| Thomas | 32 | 23000 |" time="0"/>
  <testcase name="| Thomas | 32 | 23000 |" classname="| Thomas | 32 | 23000 |" time="0.066"/>
  <testcase name="| Thomas | 32 | 23000 |" classname="| Thomas | 32 | 23000 |" time="0.066"/>
  <testcase name="| Thomas | 32 | 23000 |" classname="| Thomas | 32 | 23000 |" time="0.085"/>
  <testcase name="| Thomas | 32 | 23000 |" classname="| Thomas | 32 | 23000 |" time="0.041"/>
  <testcase name="| Thomas | 32 | 23000 |" classname="| Thomas | 32 | 23000 |" time="0.048"/>
  <testcase name="| Thomas | 32 | 23000 |" classname="| Thomas | 32 | 23000 |" time="0.046"/>
  <testcase name="Given there are no users stored" classname="| Gerard | 32 | 23000 |" time="0"/>
  <testcase name="And I am on the CRUDExample page" classname="| Gerard | 32 | 23000 |" time="0"/>
  <testcase name="When I add User &quot;Gerard&quot; &quot;32&quot; &quot;23000&quot;" classname="| Gerard | 32 | 23000 |" time="0"/>
  <testcase name="Then the page should display div with id &quot;alert-success&quot;" classname="| Gerard | 32 | 23000 |" time="0"/>
  <testcase name="And the user should be displayed" classname="| Gerard | 32 | 23000 |" time="0"/>
  <testcase name="| Gerard | 32 | 23000 |" classname="| Gerard | 32 | 23000 |" time="0.067"/>
  <testcase name="| Gerard | 32 | 23000 |" classname="| Gerard | 32 | 23000 |" time="0.045"/>
  <testcase name="Given there are no users stored" classname="| Henker | 32 | 23000 |" time="0"/>
  <testcase name="Given there are no users stored" classname="| Henker | 32 | 23000 |" time="0"/>
  <testcase name="Given there are no users stored" classname="| Henker | 32 | 23000 |" time="0"/>
  <testcase name="And I am on the CRUDExample page" classname="| Henker | 32 | 23000 |" time="0"/>
  <testcase name="And I am on the CRUDExample page" classname="| Henker | 32 | 23000 |" time="0"/>
  <testcase name="And I am on the CRUDExample page" classname="| Henker | 32 | 23000 |" time="0"/>
  <testcase name="When I add User &quot;Henker&quot; &quot;32&quot; &quot;23000&quot;" classname="| Henker | 32 | 23000 |" time="0"/>
  <testcase name="When I add User &quot;Henker&quot; &quot;32&quot; &quot;23000&quot;" classname="| Henker | 32 | 23000 |" time="0"/>
  <testcase name="When I add User &quot;Henker&quot; &quot;32&quot; &quot;23000&quot;" classname="| Henker | 32 | 23000 |" time="0"/>
  <testcase name="Then the page should display div with id &quot;alert-success&quot;" classname="| Henker | 32 | 23000 |" time="0"/>
  <testcase name="And the user should be displayed" classname="| Henker | 32 | 23000 |" time="0"/>
  <testcase name="| Henker | 32 | 23000 |" classname="| Henker | 32 | 23000 |" time="0.062"/>
  <testcase name="| Henker | 32 | 23000 |" classname="| Henker | 32 | 23000 |" time="2.316"/>
  <testcase name="| Henker | 32 | 23000 |" classname="| Henker | 32 | 23000 |" time="2.313"/>
  <testcase name="Given there are no users stored" classname="| hacker | 32 | 23000 |" time="0"/>
  <testcase name="Given there are no users stored" classname="| hacker | 32 | 23000 |" time="0"/>
  <testcase name="Given there are no users stored" classname="| hacker | 32 | 23000 |" time="0"/>
  <testcase name="And I am on the CRUDExample page" classname="| hacker | 32 | 23000 |" time="0"/>
  <testcase name="And I am on the CRUDExample page" classname="| hacker | 32 | 23000 |" time="0"/>
  <testcase name="And I am on the CRUDExample page" classname="| hacker | 32 | 23000 |" time="0"/>
  <testcase name="When I add User &quot;hacker&quot; &quot;32&quot; &quot;23000&quot;" classname="| hacker | 32 | 23000 |" time="0"/>
  <testcase name="When I add User &quot;hacker&quot; &quot;32&quot; &quot;23000&quot;" classname="| hacker | 32 | 23000 |" time="0"/>
  <testcase name="When I add User &quot;hacker&quot; &quot;32&quot; &quot;23000&quot;" classname="| hacker | 32 | 23000 |" time="0"/>
  <testcase name="Then the page should display div with id &quot;alert-success&quot;" classname="| hacker | 32 | 23000 |" time="0"/>
  <testcase name="And the user should be displayed" classname="| hacker | 32 | 23000 |" time="0"/>
  <testcase name="| hacker | 32 | 23000 |" classname="| hacker | 32 | 23000 |" time="2.318"/>
  <testcase name="| hacker | 32 | 23000 |" classname="| hacker | 32 | 23000 |" time="0.07"/>
  <testcase name="| hacker | 32 | 23000 |" classname="| hacker | 32 | 23000 |" time="0.076"/>
  <testcase name="Given there are no users stored" classname="| El Quanto Serincho | 32 | 23000 |" time="0"/>
  <testcase name="Given there are no users stored" classname="| El Quanto Serincho | 32 | 23000 |" time="0"/>
  <testcase name="Given there are no users stored" classname="| El Quanto Serincho | 32 | 23000 |" time="0"/>
  <testcase name="And I am on the CRUDExample page" classname="| El Quanto Serincho | 32 | 23000 |" time="0"/>
  <testcase name="And I am on the CRUDExample page" classname="| El Quanto Serincho | 32 | 23000 |" time="0"/>
  <testcase name="And I am on the CRUDExample page" classname="| El Quanto Serincho | 32 | 23000 |" time="0"/>
  <testcase name="When I add User &quot;El Quanto Serincho&quot; &quot;32&quot; &quot;23000&quot;" classname="| El Quanto Serincho | 32 | 23000 |" time="0"/>
  <testcase name="When I add User &quot;El Quanto Serincho&quot; &quot;32&quot; &quot;23000&quot;" classname="| El Quanto Serincho | 32 | 23000 |" time="0"/>
  <testcase name="When I add User &quot;El Quanto Serincho&quot; &quot;32&quot; &quot;23000&quot;" classname="| El Quanto Serincho | 32 | 23000 |" time="0"/>
  <testcase name="Then the page should display div with id &quot;alert-success&quot;" classname="| El Quanto Serincho | 32 | 23000 |" time="0"/>
  <testcase name="And the user should be displayed" classname="| El Quanto Serincho | 32 | 23000 |" time="0"/>
  <testcase name="| El Quanto Serincho | 32 | 23000 |" classname="| El Quanto Serincho | 32 | 23000 |" time="0.06"/>
  <testcase name="| El Quanto Serincho | 32 | 23000 |" classname="| El Quanto Serincho | 32 | 23000 |" time="0.061"/>
  <testcase name="| El Quanto Serincho | 32 | 23000 |" classname="| El Quanto Serincho | 32 | 23000 |" time="2.311"/>
  <testcase name="Given I am on the CRUDExample page" classname="| Thomas | 32 | 23000 |" time="0"/>
  <testcase name="When I fill in user info &quot;Thomas&quot; &quot;32&quot; &quot;23000&quot;" classname="| Thomas | 32 | 23000 |" time="0"/>
  <testcase name="And I click a button with id &quot;reset&quot;" classname="| Thomas | 32 | 23000 |" time="0"/>
  <testcase name="Then the textvalues of the form should be empty" classname="| Thomas | 32 | 23000 |" time="0"/>
  <testcase name="Given I am on the CRUDExample page" classname="| Gerard | 32 | 23000 |" time="0"/>
  <testcase name="When I fill in user info &quot;Gerard&quot; &quot;32&quot; &quot;23000&quot;" classname="| Gerard | 32 | 23000 |" time="0"/>
  <testcase name="And I click a button with id &quot;reset&quot;" classname="| Gerard | 32 | 23000 |" time="0"/>
  <testcase name="Then the textvalues of the form should be empty" classname="| Gerard | 32 | 23000 |" time="0"/>
  <testcase name="Given I am on the CRUDExample page" classname="| H | 32 | 23000 |" time="0"/>
  <testcase name="When I fill in user info &quot;H&quot; &quot;32&quot; &quot;23000&quot;" classname="| H | 32 | 23000 |" time="0"/>
  <testcase name="And I click a button with id &quot;reset&quot;" classname="| H | 32 | 23000 |" time="0"/>
  <testcase name="Then the textvalues of the form should be empty" classname="| H | 32 | 23000 |" time="0"/>
  <testcase name="| H | 32 | 23000 |" classname="| H | 32 | 23000 |" time="0.047"/>
  <testcase name="Given I am on the CRUDExample page" classname="| Ab | 89 | 29000 |" time="0"/>
  <testcase name="When I fill in user info &quot;Ab&quot; &quot;89&quot; &quot;29000&quot;" classname="| Ab | 89 | 29000 |" time="0"/>
  <testcase name="And I click a button with id &quot;reset&quot;" classname="| Ab | 89 | 29000 |" time="0.001"/>
  <testcase name="Then the textvalues of the form should be empty" classname="| Ab | 89 | 29000 |" time="0"/>
  <testcase name="| Ab | 89 | 29000 |" classname="| Ab | 89 | 29000 |" time="0.071"/>
  <testcase name="Given I am on the CRUDExample page" classname="| Prince-Fritz-Cruene-August-Willem-Jan-Hendrik-Dick | 32 | 23000 |" time="0"/>
  <testcase name="When I fill in user info &quot;Prince-Fritz-Cruene-August-Willem-Jan-Hendrik-Dick&quot; &quot;32&quot; &quot;23000&quot;" classname="| Prince-Fritz-Cruene-August-Willem-Jan-Hendrik-Dick | 32 | 23000 |" time="0"/>
  <testcase name="And I click a button with id &quot;reset&quot;" classname="| Prince-Fritz-Cruene-August-Willem-Jan-Hendrik-Dick | 32 | 23000 |" time="0"/>
  <testcase name="Then the textvalues of the form should be empty" classname="| Prince-Fritz-Cruene-August-Willem-Jan-Hendrik-Dick | 32 | 23000 |" time="0"/>
  <testcase name="| Prince-Fritz-Cruene-August-Willem-Jan-Hendrik-Dick | 32 | 23000 |" classname="| Prince-Fritz-Cruene-August-Willem-Jan-Hendrik-Dick | 32 | 23000 |" time="0.046"/>
  <testcase name="And I click the remove button" classname="| Thomas | 32 | 23000 |" time="0"/>
  <testcase name="And I click the remove button" classname="| Thomas | 32 | 23000 |" time="0"/>
  <testcase name="Then there should be no users stored" classname="| Thomas | 32 | 23000 |" time="0"/>
  <testcase name="Then there should be no users stored" classname="| Thomas | 32 | 23000 |" time="0"/>
  <testcase name="And I click the remove button" classname="| Henker | 32 | 23000 |" time="0"/>
  <testcase name="Then there should be no users stored" classname="| Henker | 32 | 23000 |" time="0"/>
  <testcase name="And I click the remove button" classname="| hacker | 32 | 23000 |" time="0"/>
  <testcase name="Then there should be no users stored" classname="| hacker | 32 | 23000 |" time="0"/>
  <testcase name="And I click the remove button" classname="| El Quanto Serincho | 32 | 23000 |" time="0"/>
  <testcase name="Then there should be no users stored" classname="| El Quanto Serincho | 32 | 23000 |" time="0"/>
  <testcase name="And I add User &quot;Thomas&quot; &quot;32&quot; &quot;23000&quot;" classname="| Thomas | 32 | 23000 |" time="0"/>
  <testcase name="And I add User &quot;Thomas&quot; &quot;32&quot; &quot;23000&quot;" classname="| Thomas | 32 | 23000 |" time="0"/>
  <testcase name="Then the page should display div with id &quot;alert-danger&quot;" classname="| Thomas | 32 | 23000 |" time="0"/>
  <testcase name="Then the page should display div with id &quot;alert-danger&quot;" classname="| Thomas | 32 | 23000 |" time="0"/>
  <testcase name="And I add User &quot;Henker&quot; &quot;32&quot; &quot;23000&quot;" classname="| Henker | 32 | 23000 |" time="0"/>
  <testcase name="Then the page should display div with id &quot;alert-danger&quot;" classname="| Henker | 32 | 23000 |" time="0"/>
  <testcase name="And I add User &quot;hacker&quot; &quot;32&quot; &quot;23000&quot;" classname="| hacker | 32 | 23000 |" time="0"/>
  <testcase name="Then the page should display div with id &quot;alert-danger&quot;" classname="| hacker | 32 | 23000 |" time="0"/>
  <testcase name="And I add User &quot;El Quanto Serincho&quot; &quot;32&quot; &quot;23000&quot;" classname="| El Quanto Serincho | 32 | 23000 |" time="0"/>
  <testcase name="Then the page should display div with id &quot;alert-danger&quot;" classname="| El Quanto Serincho | 32 | 23000 |" time="0"/>
  <testcase name="Given there are no users stored" classname="| Tom | 43 | 10000 | Selders | 39 | 100003 |" time="0"/>
  <testcase name="And I am on the CRUDExample page" classname="| Tom | 43 | 10000 | Selders | 39 | 100003 |" time="0.001"/>
  <testcase name="When I add User &quot;Tom&quot; &quot;43&quot; &quot;10000&quot;" classname="| Tom | 43 | 10000 | Selders | 39 | 100003 |" time="0"/>
  <testcase name="And I click the edit button" classname="| Tom | 43 | 10000 | Selders | 39 | 100003 |" time="0"/>
  <testcase name="And I add User &quot;Selders&quot; &quot;39&quot; &quot;100003&quot;" classname="| Tom | 43 | 10000 | Selders | 39 | 100003 |" time="0"/>
  <testcase name="Then the added user should be &quot;Selders&quot; &quot;39&quot; &quot;100003&quot;" classname="| Tom | 43 | 10000 | Selders | 39 | 100003 |" time="0.004">
    <failure message="salary does not have the correct value" type="java.lang.AssertionError">java.lang.AssertionError: salary does not have the correct value
	at org.hamcrest.MatcherAssert.assertThat(MatcherAssert.java:26)
	at Steps.StepDefsUITest$8.apply(StepDefsUITest.java:228)
	at Steps.StepDefsUITest$8.apply(StepDefsUITest.java:218)
	at org.openqa.selenium.support.ui.FluentWait.until(FluentWait.java:238)
	at Steps.StepDefsUITest.theAddedUserShouldBe(StepDefsUITest.java:218)
	at ✽.Then the added user should be "Selders" "39" "100003"(seleniumTests.feature:81)
</failure>
    <system-out><![CDATA[2017-11-21 13:47:50.957  INFO 53824 --- [nio-8080-exec-9] c.w.s.controller.RestApiController       : Updating User with id 16
Hibernate: 
    select
        user0_.id as id1_0_0_,
        user0_.AGE as AGE2_0_0_,
        user0_.NAME as NAME3_0_0_,
        user0_.SALARY as SALARY4_0_0_ 
    from
        APP_USER user0_ 
    where
        user0_.id=?
Hibernate: 
    update
        APP_USER 
    set
        AGE=?,
        NAME=?,
        SALARY=? 
    where
        id=?
Hibernate: 
    select
        user0_.id as id1_0_,
        user0_.AGE as AGE2_0_,
        user0_.NAME as NAME3_0_,
        user0_.SALARY as SALARY4_0_ 
    from
        APP_USER user0_
]]></system-out>
  </testcase>
  <testcase name="| Tom | 43 | 10000 | Selders | 39 | 100003 |" classname="| Tom | 43 | 10000 | Selders | 39 | 100003 |" time="0.004">
    <failure message="salary does not have the correct value" type="java.lang.AssertionError">java.lang.AssertionError: salary does not have the correct value
	at org.hamcrest.MatcherAssert.assertThat(MatcherAssert.java:26)
	at Steps.StepDefsUITest$8.apply(StepDefsUITest.java:228)
	at Steps.StepDefsUITest$8.apply(StepDefsUITest.java:218)
	at org.openqa.selenium.support.ui.FluentWait.until(FluentWait.java:238)
	at Steps.StepDefsUITest.theAddedUserShouldBe(StepDefsUITest.java:218)
	at ✽.Then the added user should be "Selders" "39" "100003"(seleniumTests.feature:81)
</failure>
  </testcase>
  <testcase name="Given there are no users stored" classname="| Mark | 23 | 12000 | Rutte | 54 | 100000 |" time="0"/>
  <testcase name="And I am on the CRUDExample page" classname="| Mark | 23 | 12000 | Rutte | 54 | 100000 |" time="0.001"/>
  <testcase name="When I add User &quot;Mark&quot; &quot;23&quot; &quot;12000&quot;" classname="| Mark | 23 | 12000 | Rutte | 54 | 100000 |" time="0"/>
  <testcase name="And I click the edit button" classname="| Mark | 23 | 12000 | Rutte | 54 | 100000 |" time="0"/>
  <testcase name="And I add User &quot;Rutte&quot; &quot;54&quot; &quot;100000&quot;" classname="| Mark | 23 | 12000 | Rutte | 54 | 100000 |" time="0"/>
  <testcase name="Then the added user should be &quot;Rutte&quot; &quot;54&quot; &quot;100000&quot;" classname="| Mark | 23 | 12000 | Rutte | 54 | 100000 |" time="0">
    <failure message="salary does not have the correct value" type="java.lang.AssertionError">java.lang.AssertionError: salary does not have the correct value
	at org.hamcrest.MatcherAssert.assertThat(MatcherAssert.java:26)
	at Steps.StepDefsUITest$8.apply(StepDefsUITest.java:228)
	at Steps.StepDefsUITest$8.apply(StepDefsUITest.java:218)
	at org.openqa.selenium.support.ui.FluentWait.until(FluentWait.java:238)
	at Steps.StepDefsUITest.theAddedUserShouldBe(StepDefsUITest.java:218)
	at ✽.Then the added user should be "Rutte" "54" "100000"(seleniumTests.feature:81)
</failure>
    <system-out><![CDATA[2017-11-21 13:47:55.672  INFO 53824 --- [nio-8080-exec-5] c.w.s.controller.RestApiController       : Updating User with id 17
Hibernate: 
    select
        user0_.id as id1_0_0_,
        user0_.AGE as AGE2_0_0_,
        user0_.NAME as NAME3_0_0_,
        user0_.SALARY as SALARY4_0_0_ 
    from
        APP_USER user0_ 
    where
        user0_.id=?
Hibernate: 
    update
        APP_USER 
    set
        AGE=?,
        NAME=?,
        SALARY=? 
    where
        id=?
Hibernate: 
    select
        user0_.id as id1_0_,
        user0_.AGE as AGE2_0_,
        user0_.NAME as NAME3_0_,
        user0_.SALARY as SALARY4_0_ 
    from
        APP_USER user0_
]]></system-out>
  </testcase>
  <testcase name="| Mark | 23 | 12000 | Rutte | 54 | 100000 |" classname="| Mark | 23 | 12000 | Rutte | 54 | 100000 |" time="0">
    <failure message="salary does not have the correct value" type="java.lang.AssertionError">java.lang.AssertionError: salary does not have the correct value
	at org.hamcrest.MatcherAssert.assertThat(MatcherAssert.java:26)
	at Steps.StepDefsUITest$8.apply(StepDefsUITest.java:228)
	at Steps.StepDefsUITest$8.apply(StepDefsUITest.java:218)
	at org.openqa.selenium.support.ui.FluentWait.until(FluentWait.java:238)
	at Steps.StepDefsUITest.theAddedUserShouldBe(StepDefsUITest.java:218)
	at ✽.Then the added user should be "Rutte" "54" "100000"(seleniumTests.feature:81)
</failure>
  </testcase>
</testsuite>